2015/02/25 01:14:48 [error] [php] date(): It is not safe to rely on the system's timezone settings. You are *required* to use the date.timezone setting or the date_default_timezone_set() function. In case you used any of those methods and you are still getting this warning, you most likely misspelled the timezone identifier. We selected the timezone 'UTC' for now, but please set date.timezone to select your timezone. (/Applications/XAMPP/xamppfiles/htdocs/yiiproject1/protected/views/layouts/main.php:51)
Stack trace:
#0 /Applications/XAMPP/xamppfiles/htdocs/yii/framework/web/CBaseController.php(95): SiteController->renderInternal()
#1 /Applications/XAMPP/xamppfiles/htdocs/yii/framework/web/widgets/CContentDecorator.php(76): SiteController->renderFile()
#2 /Applications/XAMPP/xamppfiles/htdocs/yii/framework/web/widgets/CContentDecorator.php(54): CContentDecorator->decorate()
#3 /Applications/XAMPP/xamppfiles/htdocs/yii/framework/web/widgets/COutputProcessor.php(44): CContentDecorator->processOutput()
#4 /Applications/XAMPP/xamppfiles/htdocs/yii/framework/web/CBaseController.php(214): CContentDecorator->run()
#5 /Applications/XAMPP/xamppfiles/htdocs/yii/framework/web/CBaseController.php(308): SiteController->endWidget()
#6 /Applications/XAMPP/xamppfiles/htdocs/yiiproject1/protected/views/layouts/column1.php(6): SiteController->endContent()
#7 /Applications/XAMPP/xamppfiles/htdocs/yii/framework/web/CBaseController.php(126): require()
#8 /Applications/XAMPP/xamppfiles/htdocs/yii/framework/web/CBaseController.php(95): SiteController->renderInternal()
#9 /Applications/XAMPP/xamppfiles/htdocs/yii/framework/web/CController.php(784): SiteController->renderFile()
#10 /Applications/XAMPP/xamppfiles/htdocs/yiiproject1/protected/controllers/SiteController.php(32): SiteController->render()
#11 /Applications/XAMPP/xamppfiles/htdocs/yii/framework/web/actions/CInlineAction.php(49): SiteController->actionIndex()
#12 /Applications/XAMPP/xamppfiles/htdocs/yii/framework/web/CController.php(308): CInlineAction->runWithParams()
#13 /Applications/XAMPP/xamppfiles/htdocs/yii/framework/web/CController.php(286): SiteController->runAction()
#14 /Applications/XAMPP/xamppfiles/htdocs/yii/framework/web/CController.php(265): SiteController->runActionWithFilters()
#15 /Applications/XAMPP/xamppfiles/htdocs/yii/framework/web/CWebApplication.php(282): SiteController->run()
#16 /Applications/XAMPP/xamppfiles/htdocs/yii/framework/web/CWebApplication.php(141): CWebApplication->runController()
#17 /Applications/XAMPP/xamppfiles/htdocs/yii/framework/base/CApplication.php(184): CWebApplication->processRequest()
#18 /Applications/XAMPP/xamppfiles/htdocs/yiiproject1/index.php(13): CWebApplication->run()
#19 /Applications/XAMPP/xamppfiles/htdocs/yii/framework/cli/commands/ShellCommand.php(78): require()
#20 /Applications/XAMPP/xamppfiles/htdocs/yii/framework/console/CConsoleCommandRunner.php(71): ShellCommand->run()
#21 /Applications/XAMPP/xamppfiles/htdocs/yii/framework/console/CConsoleApplication.php(92): CConsoleCommandRunner->run()
#22 /Applications/XAMPP/xamppfiles/htdocs/yii/framework/base/CApplication.php(184): CConsoleApplication->processRequest()
#23 /Applications/XAMPP/xamppfiles/htdocs/yii/framework/yiic.php(33): CConsoleApplication->run()
#24 /Applications/XAMPP/xamppfiles/htdocs/yiiproject1/protected/yiic.php(7): require_once()
#25 /Applications/XAMPP/xamppfiles/htdocs/yiiproject1/protected/yiic(4): require_once()
REQUEST_URI=/index.php
2015/02/25 01:14:48 [error] [php] date(): It is not safe to rely on the system's timezone settings. You are *required* to use the date.timezone setting or the date_default_timezone_set() function. In case you used any of those methods and you are still getting this warning, you most likely misspelled the timezone identifier. We selected the timezone 'UTC' for now, but please set date.timezone to select your timezone. (/Applications/XAMPP/xamppfiles/htdocs/yiiproject1/protected/views/layouts/main.php:51)
Stack trace:
#0 /Applications/XAMPP/xamppfiles/htdocs/yii/framework/web/CBaseController.php(95): SiteController->renderInternal()
#1 /Applications/XAMPP/xamppfiles/htdocs/yii/framework/web/widgets/CContentDecorator.php(76): SiteController->renderFile()
#2 /Applications/XAMPP/xamppfiles/htdocs/yii/framework/web/widgets/CContentDecorator.php(54): CContentDecorator->decorate()
#3 /Applications/XAMPP/xamppfiles/htdocs/yii/framework/web/widgets/COutputProcessor.php(44): CContentDecorator->processOutput()
#4 /Applications/XAMPP/xamppfiles/htdocs/yii/framework/web/CBaseController.php(214): CContentDecorator->run()
#5 /Applications/XAMPP/xamppfiles/htdocs/yii/framework/web/CBaseController.php(308): SiteController->endWidget()
#6 /Applications/XAMPP/xamppfiles/htdocs/yiiproject1/protected/views/layouts/column1.php(6): SiteController->endContent()
#7 /Applications/XAMPP/xamppfiles/htdocs/yii/framework/web/CBaseController.php(126): require()
#8 /Applications/XAMPP/xamppfiles/htdocs/yii/framework/web/CBaseController.php(95): SiteController->renderInternal()
#9 /Applications/XAMPP/xamppfiles/htdocs/yii/framework/web/CController.php(784): SiteController->renderFile()
#10 /Applications/XAMPP/xamppfiles/htdocs/yiiproject1/protected/controllers/SiteController.php(32): SiteController->render()
#11 /Applications/XAMPP/xamppfiles/htdocs/yii/framework/web/actions/CInlineAction.php(49): SiteController->actionIndex()
#12 /Applications/XAMPP/xamppfiles/htdocs/yii/framework/web/CController.php(308): CInlineAction->runWithParams()
#13 /Applications/XAMPP/xamppfiles/htdocs/yii/framework/web/CController.php(286): SiteController->runAction()
#14 /Applications/XAMPP/xamppfiles/htdocs/yii/framework/web/CController.php(265): SiteController->runActionWithFilters()
#15 /Applications/XAMPP/xamppfiles/htdocs/yii/framework/web/CWebApplication.php(282): SiteController->run()
#16 /Applications/XAMPP/xamppfiles/htdocs/yii/framework/web/CWebApplication.php(141): CWebApplication->runController()
#17 /Applications/XAMPP/xamppfiles/htdocs/yii/framework/base/CApplication.php(184): CWebApplication->processRequest()
#18 /Applications/XAMPP/xamppfiles/htdocs/yiiproject1/index.php(13): CWebApplication->run()
#19 /Applications/XAMPP/xamppfiles/htdocs/yii/framework/cli/commands/ShellCommand.php(78): require()
#20 /Applications/XAMPP/xamppfiles/htdocs/yii/framework/console/CConsoleCommandRunner.php(71): ShellCommand->run()
#21 /Applications/XAMPP/xamppfiles/htdocs/yii/framework/console/CConsoleApplication.php(92): CConsoleCommandRunner->run()
#22 /Applications/XAMPP/xamppfiles/htdocs/yii/framework/base/CApplication.php(184): CConsoleApplication->processRequest()
#23 /Applications/XAMPP/xamppfiles/htdocs/yii/framework/yiic.php(33): CConsoleApplication->run()
#24 /Applications/XAMPP/xamppfiles/htdocs/yiiproject1/protected/yiic.php(7): require_once()
#25 /Applications/XAMPP/xamppfiles/htdocs/yiiproject1/protected/yiic(4): require_once()
REQUEST_URI=/index.php
2015/02/25 01:27:38 [error] [php] date(): It is not safe to rely on the system's timezone settings. You are *required* to use the date.timezone setting or the date_default_timezone_set() function. In case you used any of those methods and you are still getting this warning, you most likely misspelled the timezone identifier. We selected the timezone 'UTC' for now, but please set date.timezone to select your timezone. (/Applications/XAMPP/xamppfiles/htdocs/yiiproject1/protected/views/layouts/main.php:51)
Stack trace:
#0 /Applications/XAMPP/xamppfiles/htdocs/yii/framework/web/CBaseController.php(95): SiteController->renderInternal()
#1 /Applications/XAMPP/xamppfiles/htdocs/yii/framework/web/widgets/CContentDecorator.php(76): SiteController->renderFile()
#2 /Applications/XAMPP/xamppfiles/htdocs/yii/framework/web/widgets/CContentDecorator.php(54): CContentDecorator->decorate()
#3 /Applications/XAMPP/xamppfiles/htdocs/yii/framework/web/widgets/COutputProcessor.php(44): CContentDecorator->processOutput()
#4 /Applications/XAMPP/xamppfiles/htdocs/yii/framework/web/CBaseController.php(214): CContentDecorator->run()
#5 /Applications/XAMPP/xamppfiles/htdocs/yii/framework/web/CBaseController.php(308): SiteController->endWidget()
#6 /Applications/XAMPP/xamppfiles/htdocs/yiiproject1/protected/views/layouts/column1.php(6): SiteController->endContent()
#7 /Applications/XAMPP/xamppfiles/htdocs/yii/framework/web/CBaseController.php(126): require()
#8 /Applications/XAMPP/xamppfiles/htdocs/yii/framework/web/CBaseController.php(95): SiteController->renderInternal()
#9 /Applications/XAMPP/xamppfiles/htdocs/yii/framework/web/CController.php(784): SiteController->renderFile()
#10 /Applications/XAMPP/xamppfiles/htdocs/yiiproject1/protected/controllers/SiteController.php(32): SiteController->render()
#11 /Applications/XAMPP/xamppfiles/htdocs/yii/framework/web/actions/CInlineAction.php(49): SiteController->actionIndex()
#12 /Applications/XAMPP/xamppfiles/htdocs/yii/framework/web/CController.php(308): CInlineAction->runWithParams()
#13 /Applications/XAMPP/xamppfiles/htdocs/yii/framework/web/CController.php(286): SiteController->runAction()
#14 /Applications/XAMPP/xamppfiles/htdocs/yii/framework/web/CController.php(265): SiteController->runActionWithFilters()
#15 /Applications/XAMPP/xamppfiles/htdocs/yii/framework/web/CWebApplication.php(282): SiteController->run()
#16 /Applications/XAMPP/xamppfiles/htdocs/yii/framework/web/CWebApplication.php(141): CWebApplication->runController()
#17 /Applications/XAMPP/xamppfiles/htdocs/yii/framework/base/CApplication.php(184): CWebApplication->processRequest()
#18 /Applications/XAMPP/xamppfiles/htdocs/yiiproject1/index.php(13): CWebApplication->run()
#19 /Applications/XAMPP/xamppfiles/htdocs/yii/framework/cli/commands/ShellCommand.php(78): require()
#20 /Applications/XAMPP/xamppfiles/htdocs/yii/framework/console/CConsoleCommandRunner.php(71): ShellCommand->run()
#21 /Applications/XAMPP/xamppfiles/htdocs/yii/framework/console/CConsoleApplication.php(92): CConsoleCommandRunner->run()
#22 /Applications/XAMPP/xamppfiles/htdocs/yii/framework/base/CApplication.php(184): CConsoleApplication->processRequest()
#23 /Applications/XAMPP/xamppfiles/htdocs/yii/framework/yiic.php(33): CConsoleApplication->run()
#24 /Applications/XAMPP/xamppfiles/htdocs/yiiproject1/protected/yiic.php(7): require_once()
#25 /Applications/XAMPP/xamppfiles/htdocs/yiiproject1/protected/yiic(4): require_once()
REQUEST_URI=/index.php
2015/02/25 01:27:38 [error] [php] date(): It is not safe to rely on the system's timezone settings. You are *required* to use the date.timezone setting or the date_default_timezone_set() function. In case you used any of those methods and you are still getting this warning, you most likely misspelled the timezone identifier. We selected the timezone 'UTC' for now, but please set date.timezone to select your timezone. (/Applications/XAMPP/xamppfiles/htdocs/yiiproject1/protected/views/layouts/main.php:51)
Stack trace:
#0 /Applications/XAMPP/xamppfiles/htdocs/yii/framework/web/CBaseController.php(95): SiteController->renderInternal()
#1 /Applications/XAMPP/xamppfiles/htdocs/yii/framework/web/widgets/CContentDecorator.php(76): SiteController->renderFile()
#2 /Applications/XAMPP/xamppfiles/htdocs/yii/framework/web/widgets/CContentDecorator.php(54): CContentDecorator->decorate()
#3 /Applications/XAMPP/xamppfiles/htdocs/yii/framework/web/widgets/COutputProcessor.php(44): CContentDecorator->processOutput()
#4 /Applications/XAMPP/xamppfiles/htdocs/yii/framework/web/CBaseController.php(214): CContentDecorator->run()
#5 /Applications/XAMPP/xamppfiles/htdocs/yii/framework/web/CBaseController.php(308): SiteController->endWidget()
#6 /Applications/XAMPP/xamppfiles/htdocs/yiiproject1/protected/views/layouts/column1.php(6): SiteController->endContent()
#7 /Applications/XAMPP/xamppfiles/htdocs/yii/framework/web/CBaseController.php(126): require()
#8 /Applications/XAMPP/xamppfiles/htdocs/yii/framework/web/CBaseController.php(95): SiteController->renderInternal()
#9 /Applications/XAMPP/xamppfiles/htdocs/yii/framework/web/CController.php(784): SiteController->renderFile()
#10 /Applications/XAMPP/xamppfiles/htdocs/yiiproject1/protected/controllers/SiteController.php(32): SiteController->render()
#11 /Applications/XAMPP/xamppfiles/htdocs/yii/framework/web/actions/CInlineAction.php(49): SiteController->actionIndex()
#12 /Applications/XAMPP/xamppfiles/htdocs/yii/framework/web/CController.php(308): CInlineAction->runWithParams()
#13 /Applications/XAMPP/xamppfiles/htdocs/yii/framework/web/CController.php(286): SiteController->runAction()
#14 /Applications/XAMPP/xamppfiles/htdocs/yii/framework/web/CController.php(265): SiteController->runActionWithFilters()
#15 /Applications/XAMPP/xamppfiles/htdocs/yii/framework/web/CWebApplication.php(282): SiteController->run()
#16 /Applications/XAMPP/xamppfiles/htdocs/yii/framework/web/CWebApplication.php(141): CWebApplication->runController()
#17 /Applications/XAMPP/xamppfiles/htdocs/yii/framework/base/CApplication.php(184): CWebApplication->processRequest()
#18 /Applications/XAMPP/xamppfiles/htdocs/yiiproject1/index.php(13): CWebApplication->run()
#19 /Applications/XAMPP/xamppfiles/htdocs/yii/framework/cli/commands/ShellCommand.php(78): require()
#20 /Applications/XAMPP/xamppfiles/htdocs/yii/framework/console/CConsoleCommandRunner.php(71): ShellCommand->run()
#21 /Applications/XAMPP/xamppfiles/htdocs/yii/framework/console/CConsoleApplication.php(92): CConsoleCommandRunner->run()
#22 /Applications/XAMPP/xamppfiles/htdocs/yii/framework/base/CApplication.php(184): CConsoleApplication->processRequest()
#23 /Applications/XAMPP/xamppfiles/htdocs/yii/framework/yiic.php(33): CConsoleApplication->run()
#24 /Applications/XAMPP/xamppfiles/htdocs/yiiproject1/protected/yiic.php(7): require_once()
#25 /Applications/XAMPP/xamppfiles/htdocs/yiiproject1/protected/yiic(4): require_once()
REQUEST_URI=/index.php
2015/02/25 02:05:02 [error] [exception.CDbException] exception 'CDbException' with message 'CDbConnection failed to open the DB connection: SQLSTATE[HY000] [2002] No such file or directory' in /Applications/XAMPP/xamppfiles/htdocs/yii/framework/db/CDbConnection.php:399
Stack trace:
#0 /Applications/XAMPP/xamppfiles/htdocs/yii/framework/db/CDbConnection.php(347): CDbConnection->open()
#1 /Applications/XAMPP/xamppfiles/htdocs/yii/framework/db/CDbConnection.php(325): CDbConnection->setActive(true)
#2 /Applications/XAMPP/xamppfiles/htdocs/yii/framework/base/CModule.php(394): CDbConnection->init()
#3 /Applications/XAMPP/xamppfiles/htdocs/yii/framework/cli/commands/MigrateCommand.php(472): CModule->getComponent('db')
#4 /Applications/XAMPP/xamppfiles/htdocs/yii/framework/cli/commands/MigrateCommand.php(481): MigrateCommand->getDbConnection()
#5 /Applications/XAMPP/xamppfiles/htdocs/yii/framework/cli/commands/MigrateCommand.php(512): MigrateCommand->getMigrationHistory(-1)
#6 /Applications/XAMPP/xamppfiles/htdocs/yii/framework/cli/commands/MigrateCommand.php(84): MigrateCommand->getNewMigrations()
#7 [internal function]: MigrateCommand->actionUp(Array)
#8 /Applications/XAMPP/xamppfiles/htdocs/yii/framework/console/CConsoleCommand.php(172): ReflectionMethod->invokeArgs(Object(MigrateCommand), Array)
#9 /Applications/XAMPP/xamppfiles/htdocs/yii/framework/console/CConsoleCommandRunner.php(71): CConsoleCommand->run(Array)
#10 /Applications/XAMPP/xamppfiles/htdocs/yii/framework/console/CConsoleApplication.php(92): CConsoleCommandRunner->run(Array)
#11 /Applications/XAMPP/xamppfiles/htdocs/yii/framework/base/CApplication.php(184): CConsoleApplication->processRequest()
#12 /Applications/XAMPP/xamppfiles/htdocs/yii/framework/yiic.php(33): CApplication->run()
#13 /Applications/XAMPP/xamppfiles/htdocs/yiiproject1/protected/yiic.php(7): require_once('/Applications/X...')
#14 /Applications/XAMPP/xamppfiles/htdocs/yiiproject1/protected/yiic(4): require_once('/Applications/X...')
#15 {main}
---
2015/02/25 02:05:56 [error] [exception.CDbException] exception 'CDbException' with message 'CDbConnection failed to open the DB connection: SQLSTATE[HY000] [2002] No such file or directory' in /Applications/XAMPP/xamppfiles/htdocs/yii/framework/db/CDbConnection.php:399
Stack trace:
#0 /Applications/XAMPP/xamppfiles/htdocs/yii/framework/db/CDbConnection.php(347): CDbConnection->open()
#1 /Applications/XAMPP/xamppfiles/htdocs/yii/framework/db/CDbConnection.php(325): CDbConnection->setActive(true)
#2 /Applications/XAMPP/xamppfiles/htdocs/yii/framework/base/CModule.php(394): CDbConnection->init()
#3 /Applications/XAMPP/xamppfiles/htdocs/yii/framework/cli/commands/MigrateCommand.php(472): CModule->getComponent('db')
#4 /Applications/XAMPP/xamppfiles/htdocs/yii/framework/cli/commands/MigrateCommand.php(481): MigrateCommand->getDbConnection()
#5 /Applications/XAMPP/xamppfiles/htdocs/yii/framework/cli/commands/MigrateCommand.php(512): MigrateCommand->getMigrationHistory(-1)
#6 /Applications/XAMPP/xamppfiles/htdocs/yii/framework/cli/commands/MigrateCommand.php(84): MigrateCommand->getNewMigrations()
#7 [internal function]: MigrateCommand->actionUp(Array)
#8 /Applications/XAMPP/xamppfiles/htdocs/yii/framework/console/CConsoleCommand.php(172): ReflectionMethod->invokeArgs(Object(MigrateCommand), Array)
#9 /Applications/XAMPP/xamppfiles/htdocs/yii/framework/console/CConsoleCommandRunner.php(71): CConsoleCommand->run(Array)
#10 /Applications/XAMPP/xamppfiles/htdocs/yii/framework/console/CConsoleApplication.php(92): CConsoleCommandRunner->run(Array)
#11 /Applications/XAMPP/xamppfiles/htdocs/yii/framework/base/CApplication.php(184): CConsoleApplication->processRequest()
#12 /Applications/XAMPP/xamppfiles/htdocs/yii/framework/yiic.php(33): CApplication->run()
#13 /Applications/XAMPP/xamppfiles/htdocs/yiiproject1/protected/yiic.php(7): require_once('/Applications/X...')
#14 /Applications/XAMPP/xamppfiles/htdocs/yiiproject1/protected/yiic(4): require_once('/Applications/X...')
#15 {main}
---
2015/02/25 02:16:43 [error] [exception.CDbException] exception 'CDbException' with message 'CDbConnection failed to open the DB connection: SQLSTATE[HY000] [2002] No such file or directory' in /Applications/XAMPP/xamppfiles/htdocs/yii/framework/db/CDbConnection.php:399
Stack trace:
#0 /Applications/XAMPP/xamppfiles/htdocs/yii/framework/db/CDbConnection.php(347): CDbConnection->open()
#1 /Applications/XAMPP/xamppfiles/htdocs/yii/framework/db/CDbConnection.php(325): CDbConnection->setActive(true)
#2 /Applications/XAMPP/xamppfiles/htdocs/yii/framework/base/CModule.php(394): CDbConnection->init()
#3 /Applications/XAMPP/xamppfiles/htdocs/yii/framework/cli/commands/MigrateCommand.php(472): CModule->getComponent('db')
#4 /Applications/XAMPP/xamppfiles/htdocs/yii/framework/cli/commands/MigrateCommand.php(481): MigrateCommand->getDbConnection()
#5 /Applications/XAMPP/xamppfiles/htdocs/yii/framework/cli/commands/MigrateCommand.php(512): MigrateCommand->getMigrationHistory(-1)
#6 /Applications/XAMPP/xamppfiles/htdocs/yii/framework/cli/commands/MigrateCommand.php(84): MigrateCommand->getNewMigrations()
#7 [internal function]: MigrateCommand->actionUp(Array)
#8 /Applications/XAMPP/xamppfiles/htdocs/yii/framework/console/CConsoleCommand.php(172): ReflectionMethod->invokeArgs(Object(MigrateCommand), Array)
#9 /Applications/XAMPP/xamppfiles/htdocs/yii/framework/console/CConsoleCommandRunner.php(71): CConsoleCommand->run(Array)
#10 /Applications/XAMPP/xamppfiles/htdocs/yii/framework/console/CConsoleApplication.php(92): CConsoleCommandRunner->run(Array)
#11 /Applications/XAMPP/xamppfiles/htdocs/yii/framework/base/CApplication.php(184): CConsoleApplication->processRequest()
#12 /Applications/XAMPP/xamppfiles/htdocs/yii/framework/yiic.php(33): CApplication->run()
#13 /Applications/XAMPP/xamppfiles/htdocs/yiiproject1/protected/yiic.php(7): require_once('/Applications/X...')
#14 /Applications/XAMPP/xamppfiles/htdocs/yiiproject1/protected/yiic(4): require_once('/Applications/X...')
#15 {main}
---
2015/02/25 02:22:31 [error] [exception.CDbException] exception 'CDbException' with message 'CDbConnection failed to open the DB connection: SQLSTATE[HY000] [2002] No such file or directory' in /Applications/XAMPP/xamppfiles/htdocs/yii/framework/db/CDbConnection.php:399
Stack trace:
#0 /Applications/XAMPP/xamppfiles/htdocs/yii/framework/db/CDbConnection.php(347): CDbConnection->open()
#1 /Applications/XAMPP/xamppfiles/htdocs/yii/framework/db/CDbConnection.php(325): CDbConnection->setActive(true)
#2 /Applications/XAMPP/xamppfiles/htdocs/yii/framework/base/CModule.php(394): CDbConnection->init()
#3 /Applications/XAMPP/xamppfiles/htdocs/yii/framework/cli/commands/MigrateCommand.php(472): CModule->getComponent('db')
#4 /Applications/XAMPP/xamppfiles/htdocs/yii/framework/cli/commands/MigrateCommand.php(481): MigrateCommand->getDbConnection()
#5 /Applications/XAMPP/xamppfiles/htdocs/yii/framework/cli/commands/MigrateCommand.php(512): MigrateCommand->getMigrationHistory(-1)
#6 /Applications/XAMPP/xamppfiles/htdocs/yii/framework/cli/commands/MigrateCommand.php(84): MigrateCommand->getNewMigrations()
#7 [internal function]: MigrateCommand->actionUp(Array)
#8 /Applications/XAMPP/xamppfiles/htdocs/yii/framework/console/CConsoleCommand.php(172): ReflectionMethod->invokeArgs(Object(MigrateCommand), Array)
#9 /Applications/XAMPP/xamppfiles/htdocs/yii/framework/console/CConsoleCommandRunner.php(71): CConsoleCommand->run(Array)
#10 /Applications/XAMPP/xamppfiles/htdocs/yii/framework/console/CConsoleApplication.php(92): CConsoleCommandRunner->run(Array)
#11 /Applications/XAMPP/xamppfiles/htdocs/yii/framework/base/CApplication.php(184): CConsoleApplication->processRequest()
#12 /Applications/XAMPP/xamppfiles/htdocs/yii/framework/yiic.php(33): CApplication->run()
#13 /Applications/XAMPP/xamppfiles/htdocs/yiiproject1/protected/yiic.php(7): require_once('/Applications/X...')
#14 /Applications/XAMPP/xamppfiles/htdocs/yiiproject1/protected/yiic(4): require_once('/Applications/X...')
#15 {main}
---
2015/02/25 02:25:24 [error] [exception.CDbException] exception 'CDbException' with message 'CDbConnection failed to open the DB connection: SQLSTATE[HY000] [2002] No such file or directory' in /Applications/XAMPP/xamppfiles/htdocs/yii/framework/db/CDbConnection.php:399
Stack trace:
#0 /Applications/XAMPP/xamppfiles/htdocs/yii/framework/db/CDbConnection.php(347): CDbConnection->open()
#1 /Applications/XAMPP/xamppfiles/htdocs/yii/framework/db/CDbConnection.php(325): CDbConnection->setActive(true)
#2 /Applications/XAMPP/xamppfiles/htdocs/yii/framework/base/CModule.php(394): CDbConnection->init()
#3 /Applications/XAMPP/xamppfiles/htdocs/yii/framework/cli/commands/MigrateCommand.php(472): CModule->getComponent('db')
#4 /Applications/XAMPP/xamppfiles/htdocs/yii/framework/cli/commands/MigrateCommand.php(481): MigrateCommand->getDbConnection()
#5 /Applications/XAMPP/xamppfiles/htdocs/yii/framework/cli/commands/MigrateCommand.php(512): MigrateCommand->getMigrationHistory(-1)
#6 /Applications/XAMPP/xamppfiles/htdocs/yii/framework/cli/commands/MigrateCommand.php(84): MigrateCommand->getNewMigrations()
#7 [internal function]: MigrateCommand->actionUp(Array)
#8 /Applications/XAMPP/xamppfiles/htdocs/yii/framework/console/CConsoleCommand.php(172): ReflectionMethod->invokeArgs(Object(MigrateCommand), Array)
#9 /Applications/XAMPP/xamppfiles/htdocs/yii/framework/console/CConsoleCommandRunner.php(71): CConsoleCommand->run(Array)
#10 /Applications/XAMPP/xamppfiles/htdocs/yii/framework/console/CConsoleApplication.php(92): CConsoleCommandRunner->run(Array)
#11 /Applications/XAMPP/xamppfiles/htdocs/yii/framework/base/CApplication.php(184): CConsoleApplication->processRequest()
#12 /Applications/XAMPP/xamppfiles/htdocs/yii/framework/yiic.php(33): CApplication->run()
#13 /Applications/XAMPP/xamppfiles/htdocs/yiiproject1/protected/yiic.php(7): require_once('/Applications/X...')
#14 /Applications/XAMPP/xamppfiles/htdocs/yiiproject1/protected/yiic(4): require_once('/Applications/X...')
#15 {main}
---
